\BOOKMARK [0][-]{chapter.1}{\376\377\0001\000\040\000L\000I\000B\000I\000R\000W\000L\000S}{}% 1
\BOOKMARK [0][-]{chapter.2}{\376\377\0002\000\040\000D\000a\000t\000a\000\040\000S\000t\000r\000u\000c\000t\000u\000r\000e\000\040\000I\000n\000d\000e\000x}{}% 2
\BOOKMARK [1][-]{section.2.1}{\376\377\0002\000.\0001\000\040\000D\000a\000t\000a\000\040\000S\000t\000r\000u\000c\000t\000u\000r\000e\000s}{chapter.2}% 3
\BOOKMARK [0][-]{chapter.3}{\376\377\0003\000\040\000F\000i\000l\000e\000\040\000I\000n\000d\000e\000x}{}% 4
\BOOKMARK [1][-]{section.3.1}{\376\377\0003\000.\0001\000\040\000F\000i\000l\000e\000\040\000L\000i\000s\000t}{chapter.3}% 5
\BOOKMARK [0][-]{chapter.4}{\376\377\0004\000\040\000D\000a\000t\000a\000\040\000S\000t\000r\000u\000c\000t\000u\000r\000e\000\040\000D\000o\000c\000u\000m\000e\000n\000t\000a\000t\000i\000o\000n}{}% 6
\BOOKMARK [1][-]{section.4.1}{\376\377\0004\000.\0001\000\040\000m\000o\000d\000e\000l\000\040\000S\000t\000r\000u\000c\000t\000\040\000R\000e\000f\000e\000r\000e\000n\000c\000e}{chapter.4}% 7
\BOOKMARK [2][-]{subsection.4.1.1}{\376\377\0004\000.\0001\000.\0001\000\040\000D\000e\000t\000a\000i\000l\000e\000d\000\040\000D\000e\000s\000c\000r\000i\000p\000t\000i\000o\000n}{section.4.1}% 8
\BOOKMARK [2][-]{subsection.4.1.2}{\376\377\0004\000.\0001\000.\0002\000\040\000F\000i\000e\000l\000d\000\040\000D\000o\000c\000u\000m\000e\000n\000t\000a\000t\000i\000o\000n}{section.4.1}% 9
\BOOKMARK [3][-]{subsubsection.4.1.2.1}{\376\377\0004\000.\0001\000.\0002\000.\0001\000\040\000b\000i\000a\000s}{subsection.4.1.2}% 10
\BOOKMARK [3][-]{subsubsection.4.1.2.2}{\376\377\0004\000.\0001\000.\0002\000.\0002\000\040\000K\000g\000a\000m\000m\000a}{subsection.4.1.2}% 11
\BOOKMARK [3][-]{subsubsection.4.1.2.3}{\376\377\0004\000.\0001\000.\0002\000.\0003\000\040\000m\000a\000x\000d\000i\000m}{subsection.4.1.2}% 12
\BOOKMARK [3][-]{subsubsection.4.1.2.4}{\376\377\0004\000.\0001\000.\0002\000.\0004\000\040\000n\000E\000l\000e\000m}{subsection.4.1.2}% 13
\BOOKMARK [3][-]{subsubsection.4.1.2.5}{\376\377\0004\000.\0001\000.\0002\000.\0005\000\040\000n\000S\000V\000s}{subsection.4.1.2}% 14
\BOOKMARK [3][-]{subsubsection.4.1.2.6}{\376\377\0004\000.\0001\000.\0002\000.\0006\000\040\000q\000u\000a\000d\000r\000a\000t\000i\000c\000\137\000v\000a\000l\000u\000e}{subsection.4.1.2}% 15
\BOOKMARK [3][-]{subsubsection.4.1.2.7}{\376\377\0004\000.\0001\000.\0002\000.\0007\000\040\000s\000p\000a\000r\000s\000e}{subsection.4.1.2}% 16
\BOOKMARK [3][-]{subsubsection.4.1.2.8}{\376\377\0004\000.\0001\000.\0002\000.\0008\000\040\000w\000e\000i\000g\000h\000t\000s}{subsection.4.1.2}% 17
\BOOKMARK [3][-]{subsubsection.4.1.2.9}{\376\377\0004\000.\0001\000.\0002\000.\0009\000\040\000x}{subsection.4.1.2}% 18
\BOOKMARK [1][-]{section.4.2}{\376\377\0004\000.\0002\000\040\000p\000r\000e\000d\000i\000c\000t\000P\000r\000o\000p\000e\000r\000t\000i\000e\000s\000\040\000S\000t\000r\000u\000c\000t\000\040\000R\000e\000f\000e\000r\000e\000n\000c\000e}{chapter.4}% 19
\BOOKMARK [2][-]{subsection.4.2.1}{\376\377\0004\000.\0002\000.\0001\000\040\000D\000e\000t\000a\000i\000l\000e\000d\000\040\000D\000e\000s\000c\000r\000i\000p\000t\000i\000o\000n}{section.4.2}% 20
\BOOKMARK [2][-]{subsection.4.2.2}{\376\377\0004\000.\0002\000.\0002\000\040\000F\000i\000e\000l\000d\000\040\000D\000o\000c\000u\000m\000e\000n\000t\000a\000t\000i\000o\000n}{section.4.2}% 21
\BOOKMARK [3][-]{subsubsection.4.2.2.1}{\376\377\0004\000.\0002\000.\0002\000.\0001\000\040\000L\000a\000b\000e\000l\000s}{subsection.4.2.2}% 22
\BOOKMARK [3][-]{subsubsection.4.2.2.2}{\376\377\0004\000.\0002\000.\0002\000.\0002\000\040\000T\000h\000r\000e\000a\000d\000s}{subsection.4.2.2}% 23
\BOOKMARK [1][-]{section.4.3}{\376\377\0004\000.\0003\000\040\000p\000r\000o\000p\000e\000r\000t\000i\000e\000s\000\040\000S\000t\000r\000u\000c\000t\000\040\000R\000e\000f\000e\000r\000e\000n\000c\000e}{chapter.4}% 24
\BOOKMARK [2][-]{subsection.4.3.1}{\376\377\0004\000.\0003\000.\0001\000\040\000D\000e\000t\000a\000i\000l\000e\000d\000\040\000D\000e\000s\000c\000r\000i\000p\000t\000i\000o\000n}{section.4.3}% 25
\BOOKMARK [2][-]{subsection.4.3.2}{\376\377\0004\000.\0003\000.\0002\000\040\000F\000i\000e\000l\000d\000\040\000D\000o\000c\000u\000m\000e\000n\000t\000a\000t\000i\000o\000n}{section.4.3}% 26
\BOOKMARK [3][-]{subsubsection.4.3.2.1}{\376\377\0004\000.\0003\000.\0002\000.\0001\000\040\000C}{subsection.4.3.2}% 27
\BOOKMARK [3][-]{subsubsection.4.3.2.2}{\376\377\0004\000.\0003\000.\0002\000.\0002\000\040\000E\000t\000a}{subsection.4.3.2}% 28
\BOOKMARK [3][-]{subsubsection.4.3.2.3}{\376\377\0004\000.\0003\000.\0002\000.\0003\000\040\000K\000g\000a\000m\000m\000a}{subsection.4.3.2}% 29
\BOOKMARK [3][-]{subsubsection.4.3.2.4}{\376\377\0004\000.\0003\000.\0002\000.\0004\000\040\000M\000a\000x\000S\000i\000z\000e}{subsection.4.3.2}% 30
\BOOKMARK [3][-]{subsubsection.4.3.2.5}{\376\377\0004\000.\0003\000.\0002\000.\0005\000\040\000s\000i\000z\000e}{subsection.4.3.2}% 31
\BOOKMARK [3][-]{subsubsection.4.3.2.6}{\376\377\0004\000.\0003\000.\0002\000.\0006\000\040\000T\000h\000r\000e\000a\000d\000s}{subsection.4.3.2}% 32
\BOOKMARK [1][-]{section.4.4}{\376\377\0004\000.\0004\000\040\000s\000v\000m\000\137\000d\000a\000t\000a\000s\000e\000t\000\040\000S\000t\000r\000u\000c\000t\000\040\000R\000e\000f\000e\000r\000e\000n\000c\000e}{chapter.4}% 33
\BOOKMARK [2][-]{subsection.4.4.1}{\376\377\0004\000.\0004\000.\0001\000\040\000D\000e\000t\000a\000i\000l\000e\000d\000\040\000D\000e\000s\000c\000r\000i\000p\000t\000i\000o\000n}{section.4.4}% 34
\BOOKMARK [2][-]{subsection.4.4.2}{\376\377\0004\000.\0004\000.\0002\000\040\000F\000i\000e\000l\000d\000\040\000D\000o\000c\000u\000m\000e\000n\000t\000a\000t\000i\000o\000n}{section.4.4}% 35
\BOOKMARK [3][-]{subsubsection.4.4.2.1}{\376\377\0004\000.\0004\000.\0002\000.\0001\000\040\000l}{subsection.4.4.2}% 36
\BOOKMARK [3][-]{subsubsection.4.4.2.2}{\376\377\0004\000.\0004\000.\0002\000.\0002\000\040\000m\000a\000x\000d\000i\000m}{subsection.4.4.2}% 37
\BOOKMARK [3][-]{subsubsection.4.4.2.3}{\376\377\0004\000.\0004\000.\0002\000.\0003\000\040\000q\000u\000a\000d\000r\000a\000t\000i\000c\000\137\000v\000a\000l\000u\000e}{subsection.4.4.2}% 38
\BOOKMARK [3][-]{subsubsection.4.4.2.4}{\376\377\0004\000.\0004\000.\0002\000.\0004\000\040\000s\000p\000a\000r\000s\000e}{subsection.4.4.2}% 39
\BOOKMARK [3][-]{subsubsection.4.4.2.5}{\376\377\0004\000.\0004\000.\0002\000.\0005\000\040\000x}{subsection.4.4.2}% 40
\BOOKMARK [3][-]{subsubsection.4.4.2.6}{\376\377\0004\000.\0004\000.\0002\000.\0006\000\040\000y}{subsection.4.4.2}% 41
\BOOKMARK [1][-]{section.4.5}{\376\377\0004\000.\0005\000\040\000s\000v\000m\000\137\000s\000a\000m\000p\000l\000e\000\040\000S\000t\000r\000u\000c\000t\000\040\000R\000e\000f\000e\000r\000e\000n\000c\000e}{chapter.4}% 42
\BOOKMARK [2][-]{subsection.4.5.1}{\376\377\0004\000.\0005\000.\0001\000\040\000D\000e\000t\000a\000i\000l\000e\000d\000\040\000D\000e\000s\000c\000r\000i\000p\000t\000i\000o\000n}{section.4.5}% 43
\BOOKMARK [2][-]{subsection.4.5.2}{\376\377\0004\000.\0005\000.\0002\000\040\000F\000i\000e\000l\000d\000\040\000D\000o\000c\000u\000m\000e\000n\000t\000a\000t\000i\000o\000n}{section.4.5}% 44
\BOOKMARK [3][-]{subsubsection.4.5.2.1}{\376\377\0004\000.\0005\000.\0002\000.\0001\000\040\000i\000n\000d\000e\000x}{subsection.4.5.2}% 45
\BOOKMARK [3][-]{subsubsection.4.5.2.2}{\376\377\0004\000.\0005\000.\0002\000.\0002\000\040\000v\000a\000l\000u\000e}{subsection.4.5.2}% 46
\BOOKMARK [0][-]{chapter.5}{\376\377\0005\000\040\000F\000i\000l\000e\000\040\000D\000o\000c\000u\000m\000e\000n\000t\000a\000t\000i\000o\000n}{}% 47
\BOOKMARK [1][-]{section.5.1}{\376\377\0005\000.\0001\000\040\000L\000I\000B\000I\000R\000W\000L\000S\000/\000i\000n\000c\000l\000u\000d\000e\000/\000I\000O\000S\000t\000r\000u\000c\000t\000u\000r\000e\000s\000.\000h\000\040\000F\000i\000l\000e\000\040\000R\000e\000f\000e\000r\000e\000n\000c\000e}{chapter.5}% 48
\BOOKMARK [2][-]{subsection.5.1.1}{\376\377\0005\000.\0001\000.\0001\000\040\000D\000e\000t\000a\000i\000l\000e\000d\000\040\000D\000e\000s\000c\000r\000i\000p\000t\000i\000o\000n}{section.5.1}% 49
\BOOKMARK [2][-]{subsection.5.1.2}{\376\377\0005\000.\0001\000.\0002\000\040\000T\000y\000p\000e\000d\000e\000f\000\040\000D\000o\000c\000u\000m\000e\000n\000t\000a\000t\000i\000o\000n}{section.5.1}% 50
\BOOKMARK [3][-]{subsubsection.5.1.2.1}{\376\377\0005\000.\0001\000.\0002\000.\0001\000\040\000m\000o\000d\000e\000l}{subsection.5.1.2}% 51
\BOOKMARK [3][-]{subsubsection.5.1.2.2}{\376\377\0005\000.\0001\000.\0002\000.\0002\000\040\000p\000r\000e\000d\000i\000c\000t\000P\000r\000o\000p\000e\000r\000t\000i\000e\000s}{subsection.5.1.2}% 52
\BOOKMARK [3][-]{subsubsection.5.1.2.3}{\376\377\0005\000.\0001\000.\0002\000.\0003\000\040\000p\000r\000o\000p\000e\000r\000t\000i\000e\000s}{subsection.5.1.2}% 53
\BOOKMARK [3][-]{subsubsection.5.1.2.4}{\376\377\0005\000.\0001\000.\0002\000.\0004\000\040\000s\000v\000m\000\137\000d\000a\000t\000a\000s\000e\000t}{subsection.5.1.2}% 54
\BOOKMARK [3][-]{subsubsection.5.1.2.5}{\376\377\0005\000.\0001\000.\0002\000.\0005\000\040\000s\000v\000m\000\137\000s\000a\000m\000p\000l\000e}{subsection.5.1.2}% 55
\BOOKMARK [2][-]{subsection.5.1.3}{\376\377\0005\000.\0001\000.\0003\000\040\000F\000u\000n\000c\000t\000i\000o\000n\000\040\000D\000o\000c\000u\000m\000e\000n\000t\000a\000t\000i\000o\000n}{section.5.1}% 56
\BOOKMARK [3][-]{subsubsection.5.1.3.1}{\376\377\0005\000.\0001\000.\0003\000.\0001\000\040\000r\000e\000a\000d\000M\000o\000d\000e\000l\000\050\000\051}{subsection.5.1.3}% 57
\BOOKMARK [3][-]{subsubsection.5.1.3.2}{\376\377\0005\000.\0001\000.\0003\000.\0002\000\040\000r\000e\000a\000d\000T\000r\000a\000i\000n\000F\000i\000l\000e\000\050\000\051}{subsection.5.1.3}% 58
\BOOKMARK [3][-]{subsubsection.5.1.3.3}{\376\377\0005\000.\0001\000.\0003\000.\0003\000\040\000r\000e\000a\000d\000U\000n\000l\000a\000b\000e\000l\000e\000d\000F\000i\000l\000e\000\050\000\051}{subsection.5.1.3}% 59
\BOOKMARK [3][-]{subsubsection.5.1.3.4}{\376\377\0005\000.\0001\000.\0003\000.\0004\000\040\000s\000t\000o\000r\000e\000M\000o\000d\000e\000l\000\050\000\051}{subsection.5.1.3}% 60
\BOOKMARK [3][-]{subsubsection.5.1.3.5}{\376\377\0005\000.\0001\000.\0003\000.\0005\000\040\000w\000r\000i\000t\000e\000O\000u\000t\000p\000u\000t\000\050\000\051}{subsection.5.1.3}% 61
\BOOKMARK [1][-]{section.5.2}{\376\377\0005\000.\0002\000\040\000L\000I\000B\000I\000R\000W\000L\000S\000/\000i\000n\000c\000l\000u\000d\000e\000/\000k\000e\000r\000n\000e\000l\000s\000.\000h\000\040\000F\000i\000l\000e\000\040\000R\000e\000f\000e\000r\000e\000n\000c\000e}{chapter.5}% 62
\BOOKMARK [2][-]{subsection.5.2.1}{\376\377\0005\000.\0002\000.\0001\000\040\000D\000e\000t\000a\000i\000l\000e\000d\000\040\000D\000e\000s\000c\000r\000i\000p\000t\000i\000o\000n}{section.5.2}% 63
\BOOKMARK [2][-]{subsection.5.2.2}{\376\377\0005\000.\0002\000.\0002\000\040\000F\000u\000n\000c\000t\000i\000o\000n\000\040\000D\000o\000c\000u\000m\000e\000n\000t\000a\000t\000i\000o\000n}{section.5.2}% 64
\BOOKMARK [3][-]{subsubsection.5.2.2.1}{\376\377\0005\000.\0002\000.\0002\000.\0001\000\040\000k\000e\000r\000n\000e\000l\000\050\000\051}{subsection.5.2.2}% 65
\BOOKMARK [3][-]{subsubsection.5.2.2.2}{\376\377\0005\000.\0002\000.\0002\000.\0002\000\040\000k\000e\000r\000n\000e\000l\000T\000e\000s\000t\000\050\000\051}{subsection.5.2.2}% 66
\BOOKMARK [1][-]{section.5.3}{\376\377\0005\000.\0003\000\040\000L\000I\000B\000I\000R\000W\000L\000S\000/\000i\000n\000c\000l\000u\000d\000e\000/\000L\000I\000B\000I\000R\000W\000L\000S\000-\000p\000r\000e\000d\000i\000c\000t\000.\000h\000\040\000F\000i\000l\000e\000\040\000R\000e\000f\000e\000r\000e\000n\000c\000e}{chapter.5}% 67
\BOOKMARK [2][-]{subsection.5.3.1}{\376\377\0005\000.\0003\000.\0001\000\040\000D\000e\000t\000a\000i\000l\000e\000d\000\040\000D\000e\000s\000c\000r\000i\000p\000t\000i\000o\000n}{section.5.3}% 68
\BOOKMARK [2][-]{subsection.5.3.2}{\376\377\0005\000.\0003\000.\0002\000\040\000F\000u\000n\000c\000t\000i\000o\000n\000\040\000D\000o\000c\000u\000m\000e\000n\000t\000a\000t\000i\000o\000n}{section.5.3}% 69
\BOOKMARK [3][-]{subsubsection.5.3.2.1}{\376\377\0005\000.\0003\000.\0002\000.\0001\000\040\000p\000a\000r\000s\000e\000P\000r\000e\000d\000i\000c\000t\000P\000a\000r\000a\000m\000e\000t\000e\000r\000s\000\050\000\051}{subsection.5.3.2}% 70
\BOOKMARK [3][-]{subsubsection.5.3.2.2}{\376\377\0005\000.\0003\000.\0002\000.\0002\000\040\000p\000r\000i\000n\000t\000P\000r\000e\000d\000i\000c\000t\000I\000n\000s\000t\000r\000u\000c\000t\000i\000o\000n\000s\000\050\000\051}{subsection.5.3.2}% 71
\BOOKMARK [3][-]{subsubsection.5.3.2.3}{\376\377\0005\000.\0003\000.\0002\000.\0003\000\040\000t\000e\000s\000t\000\050\000\051}{subsection.5.3.2}% 72
\BOOKMARK [1][-]{section.5.4}{\376\377\0005\000.\0004\000\040\000L\000I\000B\000I\000R\000W\000L\000S\000/\000i\000n\000c\000l\000u\000d\000e\000/\000P\000a\000r\000a\000l\000l\000e\000l\000A\000l\000g\000o\000r\000i\000t\000h\000m\000s\000.\000h\000\040\000F\000i\000l\000e\000\040\000R\000e\000f\000e\000r\000e\000n\000c\000e}{chapter.5}% 73
\BOOKMARK [2][-]{subsection.5.4.1}{\376\377\0005\000.\0004\000.\0001\000\040\000D\000e\000t\000a\000i\000l\000e\000d\000\040\000D\000e\000s\000c\000r\000i\000p\000t\000i\000o\000n}{section.5.4}% 74
\BOOKMARK [2][-]{subsection.5.4.2}{\376\377\0005\000.\0004\000.\0002\000\040\000F\000u\000n\000c\000t\000i\000o\000n\000\040\000D\000o\000c\000u\000m\000e\000n\000t\000a\000t\000i\000o\000n}{section.5.4}% 75
\BOOKMARK [3][-]{subsubsection.5.4.2.1}{\376\377\0005\000.\0004\000.\0002\000.\0001\000\040\000g\000e\000t\000S\000u\000b\000M\000a\000t\000r\000i\000x\000\050\000\051}{subsection.5.4.2}% 76
\BOOKMARK [3][-]{subsubsection.5.4.2.2}{\376\377\0005\000.\0004\000.\0002\000.\0002\000\040\000i\000n\000i\000t\000M\000e\000m\000o\000r\000y\000\050\000\051}{subsection.5.4.2}% 77
\BOOKMARK [3][-]{subsubsection.5.4.2.3}{\376\377\0005\000.\0004\000.\0002\000.\0003\000\040\000P\000a\000r\000a\000l\000l\000e\000l\000C\000h\000o\000l\000\050\000\051}{subsection.5.4.2}% 78
\BOOKMARK [3][-]{subsubsection.5.4.2.4}{\376\377\0005\000.\0004\000.\0002\000.\0004\000\040\000P\000a\000r\000a\000l\000l\000e\000l\000L\000i\000n\000e\000a\000r\000S\000y\000s\000t\000e\000m\000\050\000\051}{subsection.5.4.2}% 79
\BOOKMARK [3][-]{subsubsection.5.4.2.5}{\376\377\0005\000.\0004\000.\0002\000.\0005\000\040\000P\000a\000r\000a\000l\000l\000e\000l\000V\000e\000c\000t\000o\000r\000M\000a\000t\000r\000i\000x\000\050\000\051}{subsection.5.4.2}% 80
\BOOKMARK [3][-]{subsubsection.5.4.2.6}{\376\377\0005\000.\0004\000.\0002\000.\0006\000\040\000P\000a\000r\000a\000l\000l\000e\000l\000V\000e\000c\000t\000o\000r\000M\000a\000t\000r\000i\000x\000T\000\050\000\051}{subsection.5.4.2}% 81
\BOOKMARK [3][-]{subsubsection.5.4.2.7}{\376\377\0005\000.\0004\000.\0002\000.\0007\000\040\000p\000u\000t\000S\000u\000b\000M\000a\000t\000r\000i\000x\000\050\000\051}{subsection.5.4.2}% 82
\BOOKMARK [3][-]{subsubsection.5.4.2.8}{\376\377\0005\000.\0004\000.\0002\000.\0008\000\040\000u\000p\000d\000a\000t\000e\000M\000e\000m\000o\000r\000y\000\050\000\051}{subsection.5.4.2}% 83
\BOOKMARK [1][-]{section.5.5}{\376\377\0005\000.\0005\000\040\000L\000I\000B\000I\000R\000W\000L\000S\000/\000i\000n\000c\000l\000u\000d\000e\000/\000P\000I\000R\000W\000L\000S\000-\000t\000r\000a\000i\000n\000.\000h\000\040\000F\000i\000l\000e\000\040\000R\000e\000f\000e\000r\000e\000n\000c\000e}{chapter.5}% 84
\BOOKMARK [2][-]{subsection.5.5.1}{\376\377\0005\000.\0005\000.\0001\000\040\000D\000e\000t\000a\000i\000l\000e\000d\000\040\000D\000e\000s\000c\000r\000i\000p\000t\000i\000o\000n}{section.5.5}% 85
\BOOKMARK [2][-]{subsection.5.5.2}{\376\377\0005\000.\0005\000.\0002\000\040\000F\000u\000n\000c\000t\000i\000o\000n\000\040\000D\000o\000c\000u\000m\000e\000n\000t\000a\000t\000i\000o\000n}{section.5.5}% 86
\BOOKMARK [3][-]{subsubsection.5.5.2.1}{\376\377\0005\000.\0005\000.\0002\000.\0001\000\040\000c\000a\000l\000c\000u\000l\000a\000t\000e\000P\000I\000R\000W\000L\000S\000M\000o\000d\000e\000l\000\050\000\051}{subsection.5.5.2}% 87
\BOOKMARK [3][-]{subsubsection.5.5.2.2}{\376\377\0005\000.\0005\000.\0002\000.\0002\000\040\000p\000a\000r\000s\000e\000T\000r\000a\000i\000n\000P\000I\000R\000W\000L\000S\000P\000a\000r\000a\000m\000e\000t\000e\000r\000s\000\050\000\051}{subsection.5.5.2}% 88
\BOOKMARK [3][-]{subsubsection.5.5.2.3}{\376\377\0005\000.\0005\000.\0002\000.\0003\000\040\000p\000r\000i\000n\000t\000P\000I\000R\000W\000L\000S\000I\000n\000s\000t\000r\000u\000c\000t\000i\000o\000n\000s\000\050\000\051}{subsection.5.5.2}% 89
\BOOKMARK [3][-]{subsubsection.5.5.2.4}{\376\377\0005\000.\0005\000.\0002\000.\0004\000\040\000r\000p\000e\000r\000m\000u\000t\000e\000\050\000\051}{subsection.5.5.2}% 90
\BOOKMARK [3][-]{subsubsection.5.5.2.5}{\376\377\0005\000.\0005\000.\0002\000.\0005\000\040\000s\000u\000b\000I\000R\000W\000L\000S\000\050\000\051}{subsection.5.5.2}% 91
\BOOKMARK [3][-]{subsubsection.5.5.2.6}{\376\377\0005\000.\0005\000.\0002\000.\0006\000\040\000t\000r\000a\000i\000n\000F\000U\000L\000L\000\050\000\051}{subsection.5.5.2}% 92
\BOOKMARK [1][-]{section.5.6}{\376\377\0005\000.\0006\000\040\000L\000I\000B\000I\000R\000W\000L\000S\000/\000i\000n\000c\000l\000u\000d\000e\000/\000P\000S\000I\000R\000W\000L\000S\000-\000t\000r\000a\000i\000n\000.\000h\000\040\000F\000i\000l\000e\000\040\000R\000e\000f\000e\000r\000e\000n\000c\000e}{chapter.5}% 93
\BOOKMARK [2][-]{subsection.5.6.1}{\376\377\0005\000.\0006\000.\0001\000\040\000D\000e\000t\000a\000i\000l\000e\000d\000\040\000D\000e\000s\000c\000r\000i\000p\000t\000i\000o\000n}{section.5.6}% 94
\BOOKMARK [2][-]{subsection.5.6.2}{\376\377\0005\000.\0006\000.\0002\000\040\000F\000u\000n\000c\000t\000i\000o\000n\000\040\000D\000o\000c\000u\000m\000e\000n\000t\000a\000t\000i\000o\000n}{section.5.6}% 95
\BOOKMARK [3][-]{subsubsection.5.6.2.1}{\376\377\0005\000.\0006\000.\0002\000.\0001\000\040\000c\000a\000l\000c\000u\000l\000a\000t\000e\000P\000S\000I\000R\000W\000L\000S\000M\000o\000d\000e\000l\000\050\000\051}{subsection.5.6.2}% 96
\BOOKMARK [3][-]{subsubsection.5.6.2.2}{\376\377\0005\000.\0006\000.\0002\000.\0002\000\040\000I\000R\000W\000L\000S\000p\000a\000r\000\050\000\051}{subsection.5.6.2}% 97
\BOOKMARK [3][-]{subsubsection.5.6.2.3}{\376\377\0005\000.\0006\000.\0002\000.\0003\000\040\000p\000a\000r\000s\000e\000T\000r\000a\000i\000n\000P\000a\000r\000a\000m\000e\000t\000e\000r\000s\000\050\000\051}{subsection.5.6.2}% 98
\BOOKMARK [3][-]{subsubsection.5.6.2.4}{\376\377\0005\000.\0006\000.\0002\000.\0004\000\040\000p\000r\000i\000n\000t\000P\000S\000I\000R\000W\000L\000S\000I\000n\000s\000t\000r\000u\000c\000t\000i\000o\000n\000s\000\050\000\051}{subsection.5.6.2}% 99
\BOOKMARK [3][-]{subsubsection.5.6.2.5}{\376\377\0005\000.\0006\000.\0002\000.\0005\000\040\000S\000G\000M\000A\000\050\000\051}{subsection.5.6.2}% 100
\BOOKMARK [1][-]{section.5.7}{\376\377\0005\000.\0007\000\040\000L\000I\000B\000I\000R\000W\000L\000S\000/\000s\000r\000c\000/\000I\000O\000S\000t\000r\000u\000c\000t\000u\000r\000e\000s\000.\000c\000\040\000F\000i\000l\000e\000\040\000R\000e\000f\000e\000r\000e\000n\000c\000e}{chapter.5}% 101
\BOOKMARK [2][-]{subsection.5.7.1}{\376\377\0005\000.\0007\000.\0001\000\040\000D\000e\000t\000a\000i\000l\000e\000d\000\040\000D\000e\000s\000c\000r\000i\000p\000t\000i\000o\000n}{section.5.7}% 102
\BOOKMARK [1][-]{section.5.8}{\376\377\0005\000.\0008\000\040\000L\000I\000B\000I\000R\000W\000L\000S\000/\000s\000r\000c\000/\000k\000e\000r\000n\000e\000l\000s\000.\000c\000\040\000F\000i\000l\000e\000\040\000R\000e\000f\000e\000r\000e\000n\000c\000e}{chapter.5}% 103
\BOOKMARK [2][-]{subsection.5.8.1}{\376\377\0005\000.\0008\000.\0001\000\040\000D\000e\000t\000a\000i\000l\000e\000d\000\040\000D\000e\000s\000c\000r\000i\000p\000t\000i\000o\000n}{section.5.8}% 104
\BOOKMARK [1][-]{section.5.9}{\376\377\0005\000.\0009\000\040\000L\000I\000B\000I\000R\000W\000L\000S\000/\000s\000r\000c\000/\000L\000I\000B\000I\000R\000W\000L\000S\000-\000p\000r\000e\000d\000i\000c\000t\000.\000c\000\040\000F\000i\000l\000e\000\040\000R\000e\000f\000e\000r\000e\000n\000c\000e}{chapter.5}% 105
\BOOKMARK [2][-]{subsection.5.9.1}{\376\377\0005\000.\0009\000.\0001\000\040\000D\000e\000t\000a\000i\000l\000e\000d\000\040\000D\000e\000s\000c\000r\000i\000p\000t\000i\000o\000n}{section.5.9}% 106
\BOOKMARK [1][-]{section.5.10}{\376\377\0005\000.\0001\0000\000\040\000L\000I\000B\000I\000R\000W\000L\000S\000/\000s\000r\000c\000/\000P\000a\000r\000a\000l\000l\000e\000l\000A\000l\000g\000o\000r\000i\000t\000h\000m\000s\000.\000c\000\040\000F\000i\000l\000e\000\040\000R\000e\000f\000e\000r\000e\000n\000c\000e}{chapter.5}% 107
\BOOKMARK [2][-]{subsection.5.10.1}{\376\377\0005\000.\0001\0000\000.\0001\000\040\000D\000e\000t\000a\000i\000l\000e\000d\000\040\000D\000e\000s\000c\000r\000i\000p\000t\000i\000o\000n}{section.5.10}% 108
\BOOKMARK [1][-]{section.5.11}{\376\377\0005\000.\0001\0001\000\040\000L\000I\000B\000I\000R\000W\000L\000S\000/\000s\000r\000c\000/\000P\000I\000R\000W\000L\000S\000-\000t\000r\000a\000i\000n\000.\000c\000\040\000F\000i\000l\000e\000\040\000R\000e\000f\000e\000r\000e\000n\000c\000e}{chapter.5}% 109
\BOOKMARK [2][-]{subsection.5.11.1}{\376\377\0005\000.\0001\0001\000.\0001\000\040\000D\000e\000t\000a\000i\000l\000e\000d\000\040\000D\000e\000s\000c\000r\000i\000p\000t\000i\000o\000n}{section.5.11}% 110
\BOOKMARK [1][-]{section.5.12}{\376\377\0005\000.\0001\0002\000\040\000L\000I\000B\000I\000R\000W\000L\000S\000/\000s\000r\000c\000/\000P\000S\000I\000R\000W\000L\000S\000-\000t\000r\000a\000i\000n\000.\000c\000\040\000F\000i\000l\000e\000\040\000R\000e\000f\000e\000r\000e\000n\000c\000e}{chapter.5}% 111
\BOOKMARK [2][-]{subsection.5.12.1}{\376\377\0005\000.\0001\0002\000.\0001\000\040\000D\000e\000t\000a\000i\000l\000e\000d\000\040\000D\000e\000s\000c\000r\000i\000p\000t\000i\000o\000n}{section.5.12}% 112
\BOOKMARK [2][-]{subsection.5.12.2}{\376\377\0005\000.\0001\0002\000.\0002\000\040\000F\000u\000n\000c\000t\000i\000o\000n\000\040\000D\000o\000c\000u\000m\000e\000n\000t\000a\000t\000i\000o\000n}{section.5.12}% 113
\BOOKMARK [3][-]{subsubsection.5.12.2.1}{\376\377\0005\000.\0001\0002\000.\0002\000.\0001\000\040\000c\000a\000l\000c\000u\000l\000a\000t\000e\000P\000S\000I\000R\000W\000L\000S\000M\000o\000d\000e\000l\000\050\000\051}{subsection.5.12.2}% 114
\BOOKMARK [3][-]{subsubsection.5.12.2.2}{\376\377\0005\000.\0001\0002\000.\0002\000.\0002\000\040\000I\000R\000W\000L\000S\000p\000a\000r\000\050\000\051}{subsection.5.12.2}% 115
\BOOKMARK [3][-]{subsubsection.5.12.2.3}{\376\377\0005\000.\0001\0002\000.\0002\000.\0003\000\040\000p\000a\000r\000s\000e\000T\000r\000a\000i\000n\000P\000a\000r\000a\000m\000e\000t\000e\000r\000s\000\050\000\051}{subsection.5.12.2}% 116
\BOOKMARK [3][-]{subsubsection.5.12.2.4}{\376\377\0005\000.\0001\0002\000.\0002\000.\0004\000\040\000p\000r\000i\000n\000t\000P\000S\000I\000R\000W\000L\000S\000I\000n\000s\000t\000r\000u\000c\000t\000i\000o\000n\000s\000\050\000\051}{subsection.5.12.2}% 117
\BOOKMARK [3][-]{subsubsection.5.12.2.5}{\376\377\0005\000.\0001\0002\000.\0002\000.\0005\000\040\000S\000G\000M\000A\000\050\000\051}{subsection.5.12.2}% 118
\BOOKMARK [0][-]{section*.19}{\376\377\000I\000n\000d\000e\000x}{}% 119
